[2024-05-21 14:07:47] local.ERROR: SQLSTATE[HY000] [1049] Unknown database 'joki_db' (Connection: mysql, SQL: select * from `users` where `email` = customer@example.com limit 1) {"exception":"[object] (Illuminate\\Database\\QueryException(code: 1049): SQLSTATE[HY000] [1049] Unknown database 'joki_db' (Connection: mysql, SQL: select * from `users` where `email` = customer@example.com limit 1) at /Users/erikprakoso/Work/Personal/freelance/21052024/APIMobile/vendor/laravel/framework/src/Illuminate/Database/Connection.php:813)
[stacktrace]
#0 /Users/erikprakoso/Work/Personal/freelance/21052024/APIMobile/vendor/laravel/framework/src/Illuminate/Database/Connection.php(767): Illuminate\\Database\\Connection->runQueryCallback('select * from `...', Array, Object(Closure))
#1 /Users/erikprakoso/Work/Personal/freelance/21052024/APIMobile/vendor/laravel/framework/src/Illuminate/Database/Connection.php(398): Illuminate\\Database\\Connection->run('select * from `...', Array, Object(Closure))
#2 /Users/erikprakoso/Work/Personal/freelance/21052024/APIMobile/vendor/laravel/framework/src/Illuminate/Database/Query/Builder.php(2993): Illuminate\\Database\\Connection->select('select * from `...', Array, true)
#3 /Users/erikprakoso/Work/Personal/freelance/21052024/APIMobile/vendor/laravel/framework/src/Illuminate/Database/Query/Builder.php(2978): Illuminate\\Database\\Query\\Builder->runSelect()
#4 /Users/erikprakoso/Work/Personal/freelance/21052024/APIMobile/vendor/laravel/framework/src/Illuminate/Database/Query/Builder.php(3566): Illuminate\\Database\\Query\\Builder->Illuminate\\Database\\Query\\{closure}()
#5 /Users/erikprakoso/Work/Personal/freelance/21052024/APIMobile/vendor/laravel/framework/src/Illuminate/Database/Query/Builder.php(2977): Illuminate\\Database\\Query\\Builder->onceWithColumns(Array, Object(Closure))
#6 /Users/erikprakoso/Work/Personal/freelance/21052024/APIMobile/vendor/laravel/framework/src/Illuminate/Database/Eloquent/Builder.php(749): Illuminate\\Database\\Query\\Builder->get(Array)
#7 /Users/erikprakoso/Work/Personal/freelance/21052024/APIMobile/vendor/laravel/framework/src/Illuminate/Database/Eloquent/Builder.php(731): Illuminate\\Database\\Eloquent\\Builder->getModels(Array)
#8 /Users/erikprakoso/Work/Personal/freelance/21052024/APIMobile/vendor/laravel/framework/src/Illuminate/Database/Concerns/BuildsQueries.php(335): Illuminate\\Database\\Eloquent\\Builder->get(Array)
#9 /Users/erikprakoso/Work/Personal/freelance/21052024/APIMobile/app/Http/Controllers/AuthController.php(28): Illuminate\\Database\\Eloquent\\Builder->first()
#10 /Users/erikprakoso/Work/Personal/freelance/21052024/APIMobile/vendor/laravel/framework/src/Illuminate/Routing/Controller.php(54): App\\Http\\Controllers\\AuthController->index()
#11 /Users/erikprakoso/Work/Personal/freelance/21052024/APIMobile/vendor/laravel/framework/src/Illuminate/Routing/ControllerDispatcher.php(43): Illuminate\\Routing\\Controller->callAction('index', Array)
#12 /Users/erikprakoso/Work/Personal/freelance/21052024/APIMobile/vendor/laravel/framework/src/Illuminate/Routing/Route.php(260): Illuminate\\Routing\\ControllerDispatcher->dispatch(Object(Illuminate\\Routing\\Route), Object(App\\Http\\Controllers\\AuthController), 'index')
#13 /Users/erikprakoso/Work/Personal/freelance/21052024/APIMobile/vendor/laravel/framework/src/Illuminate/Routing/Route.php(206): Illuminate\\Routing\\Route->runController()
#14 /Users/erikprakoso/Work/Personal/freelance/21052024/APIMobile/vendor/laravel/framework/src/Illuminate/Routing/Router.php(806): Illuminate\\Routing\\Route->run()
#15 /Users/erikprakoso/Work/Personal/freelance/21052024/APIMobile/vendor/laravel/framework/src/Illuminate/Pipeline/Pipeline.php(144): Illuminate\\Routing\\Router->Illuminate\\Routing\\{closure}(Object(Illuminate\\Http\\Request))
#16 /Users/erikprakoso/Work/Personal/freelance/21052024/APIMobile/vendor/laravel/framework/src/Illuminate/Routing/Middleware/SubstituteBindings.php(50): Illuminate\\Pipeline\\Pipeline->Illuminate\\Pipeline\\{closure}(Object(Illuminate\\Http\\Request))
#17 /Users/erikprakoso/Work/Personal/freelance/21052024/APIMobile/vendor/laravel/framework/src/Illuminate/Pipeline/Pipeline.php(183): Illuminate\\Routing\\Middleware\\SubstituteBindings->handle(Object(Illuminate\\Http\\Request), Object(Closure))
#18 /Users/erikprakoso/Work/Personal/freelance/21052024/APIMobile/vendor/laravel/framework/src/Illuminate/Pipeline/Pipeline.php(119): Illuminate\\Pipeline\\Pipeline->Illuminate\\Pipeline\\{closure}(Object(Illuminate\\Http\\Request))
#19 /Users/erikprakoso/Work/Personal/freelance/21052024/APIMobile/vendor/laravel/framework/src/Illuminate/Routing/Router.php(805): Illuminate\\Pipeline\\Pipeline->then(Object(Closure))
#20 /Users/erikprakoso/Work/Personal/freelance/21052024/APIMobile/vendor/laravel/framework/src/Illuminate/Routing/Router.php(784): Illuminate\\Routing\\Router->runRouteWithinStack(Object(Illuminate\\Routing\\Route), Object(Illuminate\\Http\\Request))
#21 /Users/erikprakoso/Work/Personal/freelance/21052024/APIMobile/vendor/laravel/framework/src/Illuminate/Routing/Router.php(748): Illuminate\\Routing\\Router->runRoute(Object(Illuminate\\Http\\Request), Object(Illuminate\\Routing\\Route))
#22 /Users/erikprakoso/Work/Personal/freelance/21052024/APIMobile/vendor/laravel/framework/src/Illuminate/Routing/Router.php(737): Illuminate\\Routing\\Router->dispatchToRoute(Object(Illuminate\\Http\\Request))
#23 /Users/erikprakoso/Work/Personal/freelance/21052024/APIMobile/vendor/laravel/framework/src/Illuminate/Foundation/Http/Kernel.php(200): Illuminate\\Routing\\Router->dispatch(Object(Illuminate\\Http\\Request))
#24 /Users/erikprakoso/Work/Personal/freelance/21052024/APIMobile/vendor/laravel/framework/src/Illuminate/Pipeline/Pipeline.php(144): Illuminate\\Foundation\\Http\\Kernel->Illuminate\\Foundation\\Http\\{closure}(Object(Illuminate\\Http\\Request))
#25 /Users/erikprakoso/Work/Personal/freelance/21052024/APIMobile/vendor/laravel/framework/src/Illuminate/Foundation/Http/Middleware/TransformsRequest.php(21): Illuminate\\Pipeline\\Pipeline->Illuminate\\Pipeline\\{closure}(Object(Illuminate\\Http\\Request))
#26 /Users/erikprakoso/Work/Personal/freelance/21052024/APIMobile/vendor/laravel/framework/src/Illuminate/Foundation/Http/Middleware/ConvertEmptyStringsToNull.php(31): Illuminate\\Foundation\\Http\\Middleware\\TransformsRequest->handle(Object(Illuminate\\Http\\Request), Object(Closure))
#27 /Users/erikprakoso/Work/Personal/freelance/21052024/APIMobile/vendor/laravel/framework/src/Illuminate/Pipeline/Pipeline.php(183): Illuminate\\Foundation\\Http\\Middleware\\ConvertEmptyStringsToNull->handle(Object(Illuminate\\Http\\Request), Object(Closure))
#28 /Users/erikprakoso/Work/Personal/freelance/21052024/APIMobile/vendor/laravel/framework/src/Illuminate/Foundation/Http/Middleware/TransformsRequest.php(21): Illuminate\\Pipeline\\Pipeline->Illuminate\\Pipeline\\{closure}(Object(Illuminate\\Http\\Request))
#29 /Users/erikprakoso/Work/Personal/freelance/21052024/APIMobile/vendor/laravel/framework/src/Illuminate/Foundation/Http/Middleware/TrimStrings.php(51): Illuminate\\Foundation\\Http\\Middleware\\TransformsRequest->handle(Object(Illuminate\\Http\\Request), Object(Closure))
#30 /Users/erikprakoso/Work/Personal/freelance/21052024/APIMobile/vendor/laravel/framework/src/Illuminate/Pipeline/Pipeline.php(183): Illuminate\\Foundation\\Http\\Middleware\\TrimStrings->handle(Object(Illuminate\\Http\\Request), Object(Closure))
#31 /Users/erikprakoso/Work/Personal/freelance/21052024/APIMobile/vendor/laravel/framework/src/Illuminate/Http/Middleware/ValidatePostSize.php(27): Illuminate\\Pipeline\\Pipeline->Illuminate\\Pipeline\\{closure}(Object(Illuminate\\Http\\Request))
#32 /Users/erikprakoso/Work/Personal/freelance/21052024/APIMobile/vendor/laravel/framework/src/Illuminate/Pipeline/Pipeline.php(183): Illuminate\\Http\\Middleware\\ValidatePostSize->handle(Object(Illuminate\\Http\\Request), Object(Closure))
#33 /Users/erikprakoso/Work/Personal/freelance/21052024/APIMobile/vendor/laravel/framework/src/Illuminate/Foundation/Http/Middleware/PreventRequestsDuringMaintenance.php(110): Illuminate\\Pipeline\\Pipeline->Illuminate\\Pipeline\\{closure}(Object(Illuminate\\Http\\Request))
#34 /Users/erikprakoso/Work/Personal/freelance/21052024/APIMobile/vendor/laravel/framework/src/Illuminate/Pipeline/Pipeline.php(183): Illuminate\\Foundation\\Http\\Middleware\\PreventRequestsDuringMaintenance->handle(Object(Illuminate\\Http\\Request), Object(Closure))
#35 /Users/erikprakoso/Work/Personal/freelance/21052024/APIMobile/vendor/laravel/framework/src/Illuminate/Http/Middleware/HandleCors.php(62): Illuminate\\Pipeline\\Pipeline->Illuminate\\Pipeline\\{closure}(Object(Illuminate\\Http\\Request))
#36 /Users/erikprakoso/Work/Personal/freelance/21052024/APIMobile/vendor/laravel/framework/src/Illuminate/Pipeline/Pipeline.php(183): Illuminate\\Http\\Middleware\\HandleCors->handle(Object(Illuminate\\Http\\Request), Object(Closure))
#37 /Users/erikprakoso/Work/Personal/freelance/21052024/APIMobile/vendor/laravel/framework/src/Illuminate/Http/Middleware/TrustProxies.php(57): Illuminate\\Pipeline\\Pipeline->Illuminate\\Pipeline\\{closure}(Object(Illuminate\\Http\\Request))
#38 /Users/erikprakoso/Work/Personal/freelance/21052024/APIMobile/vendor/laravel/framework/src/Illuminate/Pipeline/Pipeline.php(183): Illuminate\\Http\\Middleware\\TrustProxies->handle(Object(Illuminate\\Http\\Request), Object(Closure))
#39 /Users/erikprakoso/Work/Personal/freelance/21052024/APIMobile/vendor/laravel/framework/src/Illuminate/Pipeline/Pipeline.php(119): Illuminate\\Pipeline\\Pipeline->Illuminate\\Pipeline\\{closure}(Object(Illuminate\\Http\\Request))
#40 /Users/erikprakoso/Work/Personal/freelance/21052024/APIMobile/vendor/laravel/framework/src/Illuminate/Foundation/Http/Kernel.php(175): Illuminate\\Pipeline\\Pipeline->then(Object(Closure))
#41 /Users/erikprakoso/Work/Personal/freelance/21052024/APIMobile/vendor/laravel/framework/src/Illuminate/Foundation/Http/Kernel.php(144): Illuminate\\Foundation\\Http\\Kernel->sendRequestThroughRouter(Object(Illuminate\\Http\\Request))
#42 /Users/erikprakoso/Work/Personal/freelance/21052024/APIMobile/vendor/laravel/framework/src/Illuminate/Foundation/Application.php(1172): Illuminate\\Foundation\\Http\\Kernel->handle(Object(Illuminate\\Http\\Request))
#43 /Users/erikprakoso/Work/Personal/freelance/21052024/APIMobile/public/index.php(17): Illuminate\\Foundation\\Application->handleRequest(Object(Illuminate\\Http\\Request))
#44 /Users/erikprakoso/Work/Personal/freelance/21052024/APIMobile/vendor/laravel/framework/src/Illuminate/Foundation/resources/server.php(16): require_once('/Users/erikprak...')
#45 {main}

[previous exception] [object] (PDOException(code: 1049): SQLSTATE[HY000] [1049] Unknown database 'joki_db' at /Users/erikprakoso/Work/Personal/freelance/21052024/APIMobile/vendor/laravel/framework/src/Illuminate/Database/Connectors/Connector.php:65)
[stacktrace]
#0 /Users/erikprakoso/Work/Personal/freelance/21052024/APIMobile/vendor/laravel/framework/src/Illuminate/Database/Connectors/Connector.php(65): PDO->__construct('mysql:host=127....', 'root', Object(SensitiveParameterValue), Array)
#1 /Users/erikprakoso/Work/Personal/freelance/21052024/APIMobile/vendor/laravel/framework/src/Illuminate/Database/Connectors/Connector.php(44): Illuminate\\Database\\Connectors\\Connector->createPdoConnection('mysql:host=127....', 'root', '', Array)
#2 /Users/erikprakoso/Work/Personal/freelance/21052024/APIMobile/vendor/laravel/framework/src/Illuminate/Database/Connectors/MySqlConnector.php(24): Illuminate\\Database\\Connectors\\Connector->createConnection('mysql:host=127....', Array, Array)
#3 /Users/erikprakoso/Work/Personal/freelance/21052024/APIMobile/vendor/laravel/framework/src/Illuminate/Database/Connectors/ConnectionFactory.php(185): Illuminate\\Database\\Connectors\\MySqlConnector->connect(Array)
#4 [internal function]: Illuminate\\Database\\Connectors\\ConnectionFactory->Illuminate\\Database\\Connectors\\{closure}()
#5 /Users/erikprakoso/Work/Personal/freelance/21052024/APIMobile/vendor/laravel/framework/src/Illuminate/Database/Connection.php(1219): call_user_func(Object(Closure))
#6 /Users/erikprakoso/Work/Personal/freelance/21052024/APIMobile/vendor/laravel/framework/src/Illuminate/Database/Connection.php(1255): Illuminate\\Database\\Connection->getPdo()
#7 /Users/erikprakoso/Work/Personal/freelance/21052024/APIMobile/vendor/laravel/framework/src/Illuminate/Database/Connection.php(512): Illuminate\\Database\\Connection->getReadPdo()
#8 /Users/erikprakoso/Work/Personal/freelance/21052024/APIMobile/vendor/laravel/framework/src/Illuminate/Database/Connection.php(407): Illuminate\\Database\\Connection->getPdoForSelect(true)
#9 /Users/erikprakoso/Work/Personal/freelance/21052024/APIMobile/vendor/laravel/framework/src/Illuminate/Database/Connection.php(800): Illuminate\\Database\\Connection->Illuminate\\Database\\{closure}('select * from `...', Array)
#10 /Users/erikprakoso/Work/Personal/freelance/21052024/APIMobile/vendor/laravel/framework/src/Illuminate/Database/Connection.php(767): Illuminate\\Database\\Connection->runQueryCallback('select * from `...', Array, Object(Closure))
#11 /Users/erikprakoso/Work/Personal/freelance/21052024/APIMobile/vendor/laravel/framework/src/Illuminate/Database/Connection.php(398): Illuminate\\Database\\Connection->run('select * from `...', Array, Object(Closure))
#12 /Users/erikprakoso/Work/Personal/freelance/21052024/APIMobile/vendor/laravel/framework/src/Illuminate/Database/Query/Builder.php(2993): Illuminate\\Database\\Connection->select('select * from `...', Array, true)
#13 /Users/erikprakoso/Work/Personal/freelance/21052024/APIMobile/vendor/laravel/framework/src/Illuminate/Database/Query/Builder.php(2978): Illuminate\\Database\\Query\\Builder->runSelect()
#14 /Users/erikprakoso/Work/Personal/freelance/21052024/APIMobile/vendor/laravel/framework/src/Illuminate/Database/Query/Builder.php(3566): Illuminate\\Database\\Query\\Builder->Illuminate\\Database\\Query\\{closure}()
#15 /Users/erikprakoso/Work/Personal/freelance/21052024/APIMobile/vendor/laravel/framework/src/Illuminate/Database/Query/Builder.php(2977): Illuminate\\Database\\Query\\Builder->onceWithColumns(Array, Object(Closure))
#16 /Users/erikprakoso/Work/Personal/freelance/21052024/APIMobile/vendor/laravel/framework/src/Illuminate/Database/Eloquent/Builder.php(749): Illuminate\\Database\\Query\\Builder->get(Array)
#17 /Users/erikprakoso/Work/Personal/freelance/21052024/APIMobile/vendor/laravel/framework/src/Illuminate/Database/Eloquent/Builder.php(731): Illuminate\\Database\\Eloquent\\Builder->getModels(Array)
#18 /Users/erikprakoso/Work/Personal/freelance/21052024/APIMobile/vendor/laravel/framework/src/Illuminate/Database/Concerns/BuildsQueries.php(335): Illuminate\\Database\\Eloquent\\Builder->get(Array)
#19 /Users/erikprakoso/Work/Personal/freelance/21052024/APIMobile/app/Http/Controllers/AuthController.php(28): Illuminate\\Database\\Eloquent\\Builder->first()
#20 /Users/erikprakoso/Work/Personal/freelance/21052024/APIMobile/vendor/laravel/framework/src/Illuminate/Routing/Controller.php(54): App\\Http\\Controllers\\AuthController->index()
#21 /Users/erikprakoso/Work/Personal/freelance/21052024/APIMobile/vendor/laravel/framework/src/Illuminate/Routing/ControllerDispatcher.php(43): Illuminate\\Routing\\Controller->callAction('index', Array)
#22 /Users/erikprakoso/Work/Personal/freelance/21052024/APIMobile/vendor/laravel/framework/src/Illuminate/Routing/Route.php(260): Illuminate\\Routing\\ControllerDispatcher->dispatch(Object(Illuminate\\Routing\\Route), Object(App\\Http\\Controllers\\AuthController), 'index')
#23 /Users/erikprakoso/Work/Personal/freelance/21052024/APIMobile/vendor/laravel/framework/src/Illuminate/Routing/Route.php(206): Illuminate\\Routing\\Route->runController()
#24 /Users/erikprakoso/Work/Personal/freelance/21052024/APIMobile/vendor/laravel/framework/src/Illuminate/Routing/Router.php(806): Illuminate\\Routing\\Route->run()
#25 /Users/erikprakoso/Work/Personal/freelance/21052024/APIMobile/vendor/laravel/framework/src/Illuminate/Pipeline/Pipeline.php(144): Illuminate\\Routing\\Router->Illuminate\\Routing\\{closure}(Object(Illuminate\\Http\\Request))
#26 /Users/erikprakoso/Work/Personal/freelance/21052024/APIMobile/vendor/laravel/framework/src/Illuminate/Routing/Middleware/SubstituteBindings.php(50): Illuminate\\Pipeline\\Pipeline->Illuminate\\Pipeline\\{closure}(Object(Illuminate\\Http\\Request))
#27 /Users/erikprakoso/Work/Personal/freelance/21052024/APIMobile/vendor/laravel/framework/src/Illuminate/Pipeline/Pipeline.php(183): Illuminate\\Routing\\Middleware\\SubstituteBindings->handle(Object(Illuminate\\Http\\Request), Object(Closure))
#28 /Users/erikprakoso/Work/Personal/freelance/21052024/APIMobile/vendor/laravel/framework/src/Illuminate/Pipeline/Pipeline.php(119): Illuminate\\Pipeline\\Pipeline->Illuminate\\Pipeline\\{closure}(Object(Illuminate\\Http\\Request))
#29 /Users/erikprakoso/Work/Personal/freelance/21052024/APIMobile/vendor/laravel/framework/src/Illuminate/Routing/Router.php(805): Illuminate\\Pipeline\\Pipeline->then(Object(Closure))
#30 /Users/erikprakoso/Work/Personal/freelance/21052024/APIMobile/vendor/laravel/framework/src/Illuminate/Routing/Router.php(784): Illuminate\\Routing\\Router->runRouteWithinStack(Object(Illuminate\\Routing\\Route), Object(Illuminate\\Http\\Request))
#31 /Users/erikprakoso/Work/Personal/freelance/21052024/APIMobile/vendor/laravel/framework/src/Illuminate/Routing/Router.php(748): Illuminate\\Routing\\Router->runRoute(Object(Illuminate\\Http\\Request), Object(Illuminate\\Routing\\Route))
#32 /Users/erikprakoso/Work/Personal/freelance/21052024/APIMobile/vendor/laravel/framework/src/Illuminate/Routing/Router.php(737): Illuminate\\Routing\\Router->dispatchToRoute(Object(Illuminate\\Http\\Request))
#33 /Users/erikprakoso/Work/Personal/freelance/21052024/APIMobile/vendor/laravel/framework/src/Illuminate/Foundation/Http/Kernel.php(200): Illuminate\\Routing\\Router->dispatch(Object(Illuminate\\Http\\Request))
#34 /Users/erikprakoso/Work/Personal/freelance/21052024/APIMobile/vendor/laravel/framework/src/Illuminate/Pipeline/Pipeline.php(144): Illuminate\\Foundation\\Http\\Kernel->Illuminate\\Foundation\\Http\\{closure}(Object(Illuminate\\Http\\Request))
#35 /Users/erikprakoso/Work/Personal/freelance/21052024/APIMobile/vendor/laravel/framework/src/Illuminate/Foundation/Http/Middleware/TransformsRequest.php(21): Illuminate\\Pipeline\\Pipeline->Illuminate\\Pipeline\\{closure}(Object(Illuminate\\Http\\Request))
#36 /Users/erikprakoso/Work/Personal/freelance/21052024/APIMobile/vendor/laravel/framework/src/Illuminate/Foundation/Http/Middleware/ConvertEmptyStringsToNull.php(31): Illuminate\\Foundation\\Http\\Middleware\\TransformsRequest->handle(Object(Illuminate\\Http\\Request), Object(Closure))
#37 /Users/erikprakoso/Work/Personal/freelance/21052024/APIMobile/vendor/laravel/framework/src/Illuminate/Pipeline/Pipeline.php(183): Illuminate\\Foundation\\Http\\Middleware\\ConvertEmptyStringsToNull->handle(Object(Illuminate\\Http\\Request), Object(Closure))
#38 /Users/erikprakoso/Work/Personal/freelance/21052024/APIMobile/vendor/laravel/framework/src/Illuminate/Foundation/Http/Middleware/TransformsRequest.php(21): Illuminate\\Pipeline\\Pipeline->Illuminate\\Pipeline\\{closure}(Object(Illuminate\\Http\\Request))
#39 /Users/erikprakoso/Work/Personal/freelance/21052024/APIMobile/vendor/laravel/framework/src/Illuminate/Foundation/Http/Middleware/TrimStrings.php(51): Illuminate\\Foundation\\Http\\Middleware\\TransformsRequest->handle(Object(Illuminate\\Http\\Request), Object(Closure))
#40 /Users/erikprakoso/Work/Personal/freelance/21052024/APIMobile/vendor/laravel/framework/src/Illuminate/Pipeline/Pipeline.php(183): Illuminate\\Foundation\\Http\\Middleware\\TrimStrings->handle(Object(Illuminate\\Http\\Request), Object(Closure))
#41 /Users/erikprakoso/Work/Personal/freelance/21052024/APIMobile/vendor/laravel/framework/src/Illuminate/Http/Middleware/ValidatePostSize.php(27): Illuminate\\Pipeline\\Pipeline->Illuminate\\Pipeline\\{closure}(Object(Illuminate\\Http\\Request))
#42 /Users/erikprakoso/Work/Personal/freelance/21052024/APIMobile/vendor/laravel/framework/src/Illuminate/Pipeline/Pipeline.php(183): Illuminate\\Http\\Middleware\\ValidatePostSize->handle(Object(Illuminate\\Http\\Request), Object(Closure))
#43 /Users/erikprakoso/Work/Personal/freelance/21052024/APIMobile/vendor/laravel/framework/src/Illuminate/Foundation/Http/Middleware/PreventRequestsDuringMaintenance.php(110): Illuminate\\Pipeline\\Pipeline->Illuminate\\Pipeline\\{closure}(Object(Illuminate\\Http\\Request))
#44 /Users/erikprakoso/Work/Personal/freelance/21052024/APIMobile/vendor/laravel/framework/src/Illuminate/Pipeline/Pipeline.php(183): Illuminate\\Foundation\\Http\\Middleware\\PreventRequestsDuringMaintenance->handle(Object(Illuminate\\Http\\Request), Object(Closure))
#45 /Users/erikprakoso/Work/Personal/freelance/21052024/APIMobile/vendor/laravel/framework/src/Illuminate/Http/Middleware/HandleCors.php(62): Illuminate\\Pipeline\\Pipeline->Illuminate\\Pipeline\\{closure}(Object(Illuminate\\Http\\Request))
#46 /Users/erikprakoso/Work/Personal/freelance/21052024/APIMobile/vendor/laravel/framework/src/Illuminate/Pipeline/Pipeline.php(183): Illuminate\\Http\\Middleware\\HandleCors->handle(Object(Illuminate\\Http\\Request), Object(Closure))
#47 /Users/erikprakoso/Work/Personal/freelance/21052024/APIMobile/vendor/laravel/framework/src/Illuminate/Http/Middleware/TrustProxies.php(57): Illuminate\\Pipeline\\Pipeline->Illuminate\\Pipeline\\{closure}(Object(Illuminate\\Http\\Request))
#48 /Users/erikprakoso/Work/Personal/freelance/21052024/APIMobile/vendor/laravel/framework/src/Illuminate/Pipeline/Pipeline.php(183): Illuminate\\Http\\Middleware\\TrustProxies->handle(Object(Illuminate\\Http\\Request), Object(Closure))
#49 /Users/erikprakoso/Work/Personal/freelance/21052024/APIMobile/vendor/laravel/framework/src/Illuminate/Pipeline/Pipeline.php(119): Illuminate\\Pipeline\\Pipeline->Illuminate\\Pipeline\\{closure}(Object(Illuminate\\Http\\Request))
#50 /Users/erikprakoso/Work/Personal/freelance/21052024/APIMobile/vendor/laravel/framework/src/Illuminate/Foundation/Http/Kernel.php(175): Illuminate\\Pipeline\\Pipeline->then(Object(Closure))
#51 /Users/erikprakoso/Work/Personal/freelance/21052024/APIMobile/vendor/laravel/framework/src/Illuminate/Foundation/Http/Kernel.php(144): Illuminate\\Foundation\\Http\\Kernel->sendRequestThroughRouter(Object(Illuminate\\Http\\Request))
#52 /Users/erikprakoso/Work/Personal/freelance/21052024/APIMobile/vendor/laravel/framework/src/Illuminate/Foundation/Application.php(1172): Illuminate\\Foundation\\Http\\Kernel->handle(Object(Illuminate\\Http\\Request))
#53 /Users/erikprakoso/Work/Personal/freelance/21052024/APIMobile/public/index.php(17): Illuminate\\Foundation\\Application->handleRequest(Object(Illuminate\\Http\\Request))
#54 /Users/erikprakoso/Work/Personal/freelance/21052024/APIMobile/vendor/laravel/framework/src/Illuminate/Foundation/resources/server.php(16): require_once('/Users/erikprak...')
#55 {main}
"} 
[2024-05-21 14:08:05] local.ERROR: SQLSTATE[HY000] [1049] Unknown database 'joki_db' (Connection: mysql, SQL: select * from `users` where `email` = customer1@example.com limit 1) {"exception":"[object] (Illuminate\\Database\\QueryException(code: 1049): SQLSTATE[HY000] [1049] Unknown database 'joki_db' (Connection: mysql, SQL: select * from `users` where `email` = customer1@example.com limit 1) at /Users/erikprakoso/Work/Personal/freelance/21052024/APIMobile/vendor/laravel/framework/src/Illuminate/Database/Connection.php:813)
[stacktrace]
#0 /Users/erikprakoso/Work/Personal/freelance/21052024/APIMobile/vendor/laravel/framework/src/Illuminate/Database/Connection.php(767): Illuminate\\Database\\Connection->runQueryCallback('select * from `...', Array, Object(Closure))
#1 /Users/erikprakoso/Work/Personal/freelance/21052024/APIMobile/vendor/laravel/framework/src/Illuminate/Database/Connection.php(398): Illuminate\\Database\\Connection->run('select * from `...', Array, Object(Closure))
#2 /Users/erikprakoso/Work/Personal/freelance/21052024/APIMobile/vendor/laravel/framework/src/Illuminate/Database/Query/Builder.php(2993): Illuminate\\Database\\Connection->select('select * from `...', Array, true)
#3 /Users/erikprakoso/Work/Personal/freelance/21052024/APIMobile/vendor/laravel/framework/src/Illuminate/Database/Query/Builder.php(2978): Illuminate\\Database\\Query\\Builder->runSelect()
#4 /Users/erikprakoso/Work/Personal/freelance/21052024/APIMobile/vendor/laravel/framework/src/Illuminate/Database/Query/Builder.php(3566): Illuminate\\Database\\Query\\Builder->Illuminate\\Database\\Query\\{closure}()
#5 /Users/erikprakoso/Work/Personal/freelance/21052024/APIMobile/vendor/laravel/framework/src/Illuminate/Database/Query/Builder.php(2977): Illuminate\\Database\\Query\\Builder->onceWithColumns(Array, Object(Closure))
#6 /Users/erikprakoso/Work/Personal/freelance/21052024/APIMobile/vendor/laravel/framework/src/Illuminate/Database/Eloquent/Builder.php(749): Illuminate\\Database\\Query\\Builder->get(Array)
#7 /Users/erikprakoso/Work/Personal/freelance/21052024/APIMobile/vendor/laravel/framework/src/Illuminate/Database/Eloquent/Builder.php(731): Illuminate\\Database\\Eloquent\\Builder->getModels(Array)
#8 /Users/erikprakoso/Work/Personal/freelance/21052024/APIMobile/vendor/laravel/framework/src/Illuminate/Database/Concerns/BuildsQueries.php(335): Illuminate\\Database\\Eloquent\\Builder->get(Array)
#9 /Users/erikprakoso/Work/Personal/freelance/21052024/APIMobile/app/Http/Controllers/AuthController.php(28): Illuminate\\Database\\Eloquent\\Builder->first()
#10 /Users/erikprakoso/Work/Personal/freelance/21052024/APIMobile/vendor/laravel/framework/src/Illuminate/Routing/Controller.php(54): App\\Http\\Controllers\\AuthController->index()
#11 /Users/erikprakoso/Work/Personal/freelance/21052024/APIMobile/vendor/laravel/framework/src/Illuminate/Routing/ControllerDispatcher.php(43): Illuminate\\Routing\\Controller->callAction('index', Array)
#12 /Users/erikprakoso/Work/Personal/freelance/21052024/APIMobile/vendor/laravel/framework/src/Illuminate/Routing/Route.php(260): Illuminate\\Routing\\ControllerDispatcher->dispatch(Object(Illuminate\\Routing\\Route), Object(App\\Http\\Controllers\\AuthController), 'index')
#13 /Users/erikprakoso/Work/Personal/freelance/21052024/APIMobile/vendor/laravel/framework/src/Illuminate/Routing/Route.php(206): Illuminate\\Routing\\Route->runController()
#14 /Users/erikprakoso/Work/Personal/freelance/21052024/APIMobile/vendor/laravel/framework/src/Illuminate/Routing/Router.php(806): Illuminate\\Routing\\Route->run()
#15 /Users/erikprakoso/Work/Personal/freelance/21052024/APIMobile/vendor/laravel/framework/src/Illuminate/Pipeline/Pipeline.php(144): Illuminate\\Routing\\Router->Illuminate\\Routing\\{closure}(Object(Illuminate\\Http\\Request))
#16 /Users/erikprakoso/Work/Personal/freelance/21052024/APIMobile/vendor/laravel/framework/src/Illuminate/Routing/Middleware/SubstituteBindings.php(50): Illuminate\\Pipeline\\Pipeline->Illuminate\\Pipeline\\{closure}(Object(Illuminate\\Http\\Request))
#17 /Users/erikprakoso/Work/Personal/freelance/21052024/APIMobile/vendor/laravel/framework/src/Illuminate/Pipeline/Pipeline.php(183): Illuminate\\Routing\\Middleware\\SubstituteBindings->handle(Object(Illuminate\\Http\\Request), Object(Closure))
#18 /Users/erikprakoso/Work/Personal/freelance/21052024/APIMobile/vendor/laravel/framework/src/Illuminate/Pipeline/Pipeline.php(119): Illuminate\\Pipeline\\Pipeline->Illuminate\\Pipeline\\{closure}(Object(Illuminate\\Http\\Request))
#19 /Users/erikprakoso/Work/Personal/freelance/21052024/APIMobile/vendor/laravel/framework/src/Illuminate/Routing/Router.php(805): Illuminate\\Pipeline\\Pipeline->then(Object(Closure))
#20 /Users/erikprakoso/Work/Personal/freelance/21052024/APIMobile/vendor/laravel/framework/src/Illuminate/Routing/Router.php(784): Illuminate\\Routing\\Router->runRouteWithinStack(Object(Illuminate\\Routing\\Route), Object(Illuminate\\Http\\Request))
#21 /Users/erikprakoso/Work/Personal/freelance/21052024/APIMobile/vendor/laravel/framework/src/Illuminate/Routing/Router.php(748): Illuminate\\Routing\\Router->runRoute(Object(Illuminate\\Http\\Request), Object(Illuminate\\Routing\\Route))
#22 /Users/erikprakoso/Work/Personal/freelance/21052024/APIMobile/vendor/laravel/framework/src/Illuminate/Routing/Router.php(737): Illuminate\\Routing\\Router->dispatchToRoute(Object(Illuminate\\Http\\Request))
#23 /Users/erikprakoso/Work/Personal/freelance/21052024/APIMobile/vendor/laravel/framework/src/Illuminate/Foundation/Http/Kernel.php(200): Illuminate\\Routing\\Router->dispatch(Object(Illuminate\\Http\\Request))
#24 /Users/erikprakoso/Work/Personal/freelance/21052024/APIMobile/vendor/laravel/framework/src/Illuminate/Pipeline/Pipeline.php(144): Illuminate\\Foundation\\Http\\Kernel->Illuminate\\Foundation\\Http\\{closure}(Object(Illuminate\\Http\\Request))
#25 /Users/erikprakoso/Work/Personal/freelance/21052024/APIMobile/vendor/laravel/framework/src/Illuminate/Foundation/Http/Middleware/TransformsRequest.php(21): Illuminate\\Pipeline\\Pipeline->Illuminate\\Pipeline\\{closure}(Object(Illuminate\\Http\\Request))
#26 /Users/erikprakoso/Work/Personal/freelance/21052024/APIMobile/vendor/laravel/framework/src/Illuminate/Foundation/Http/Middleware/ConvertEmptyStringsToNull.php(31): Illuminate\\Foundation\\Http\\Middleware\\TransformsRequest->handle(Object(Illuminate\\Http\\Request), Object(Closure))
#27 /Users/erikprakoso/Work/Personal/freelance/21052024/APIMobile/vendor/laravel/framework/src/Illuminate/Pipeline/Pipeline.php(183): Illuminate\\Foundation\\Http\\Middleware\\ConvertEmptyStringsToNull->handle(Object(Illuminate\\Http\\Request), Object(Closure))
#28 /Users/erikprakoso/Work/Personal/freelance/21052024/APIMobile/vendor/laravel/framework/src/Illuminate/Foundation/Http/Middleware/TransformsRequest.php(21): Illuminate\\Pipeline\\Pipeline->Illuminate\\Pipeline\\{closure}(Object(Illuminate\\Http\\Request))
#29 /Users/erikprakoso/Work/Personal/freelance/21052024/APIMobile/vendor/laravel/framework/src/Illuminate/Foundation/Http/Middleware/TrimStrings.php(51): Illuminate\\Foundation\\Http\\Middleware\\TransformsRequest->handle(Object(Illuminate\\Http\\Request), Object(Closure))
#30 /Users/erikprakoso/Work/Personal/freelance/21052024/APIMobile/vendor/laravel/framework/src/Illuminate/Pipeline/Pipeline.php(183): Illuminate\\Foundation\\Http\\Middleware\\TrimStrings->handle(Object(Illuminate\\Http\\Request), Object(Closure))
#31 /Users/erikprakoso/Work/Personal/freelance/21052024/APIMobile/vendor/laravel/framework/src/Illuminate/Http/Middleware/ValidatePostSize.php(27): Illuminate\\Pipeline\\Pipeline->Illuminate\\Pipeline\\{closure}(Object(Illuminate\\Http\\Request))
#32 /Users/erikprakoso/Work/Personal/freelance/21052024/APIMobile/vendor/laravel/framework/src/Illuminate/Pipeline/Pipeline.php(183): Illuminate\\Http\\Middleware\\ValidatePostSize->handle(Object(Illuminate\\Http\\Request), Object(Closure))
#33 /Users/erikprakoso/Work/Personal/freelance/21052024/APIMobile/vendor/laravel/framework/src/Illuminate/Foundation/Http/Middleware/PreventRequestsDuringMaintenance.php(110): Illuminate\\Pipeline\\Pipeline->Illuminate\\Pipeline\\{closure}(Object(Illuminate\\Http\\Request))
#34 /Users/erikprakoso/Work/Personal/freelance/21052024/APIMobile/vendor/laravel/framework/src/Illuminate/Pipeline/Pipeline.php(183): Illuminate\\Foundation\\Http\\Middleware\\PreventRequestsDuringMaintenance->handle(Object(Illuminate\\Http\\Request), Object(Closure))
#35 /Users/erikprakoso/Work/Personal/freelance/21052024/APIMobile/vendor/laravel/framework/src/Illuminate/Http/Middleware/HandleCors.php(62): Illuminate\\Pipeline\\Pipeline->Illuminate\\Pipeline\\{closure}(Object(Illuminate\\Http\\Request))
#36 /Users/erikprakoso/Work/Personal/freelance/21052024/APIMobile/vendor/laravel/framework/src/Illuminate/Pipeline/Pipeline.php(183): Illuminate\\Http\\Middleware\\HandleCors->handle(Object(Illuminate\\Http\\Request), Object(Closure))
#37 /Users/erikprakoso/Work/Personal/freelance/21052024/APIMobile/vendor/laravel/framework/src/Illuminate/Http/Middleware/TrustProxies.php(57): Illuminate\\Pipeline\\Pipeline->Illuminate\\Pipeline\\{closure}(Object(Illuminate\\Http\\Request))
#38 /Users/erikprakoso/Work/Personal/freelance/21052024/APIMobile/vendor/laravel/framework/src/Illuminate/Pipeline/Pipeline.php(183): Illuminate\\Http\\Middleware\\TrustProxies->handle(Object(Illuminate\\Http\\Request), Object(Closure))
#39 /Users/erikprakoso/Work/Personal/freelance/21052024/APIMobile/vendor/laravel/framework/src/Illuminate/Pipeline/Pipeline.php(119): Illuminate\\Pipeline\\Pipeline->Illuminate\\Pipeline\\{closure}(Object(Illuminate\\Http\\Request))
#40 /Users/erikprakoso/Work/Personal/freelance/21052024/APIMobile/vendor/laravel/framework/src/Illuminate/Foundation/Http/Kernel.php(175): Illuminate\\Pipeline\\Pipeline->then(Object(Closure))
#41 /Users/erikprakoso/Work/Personal/freelance/21052024/APIMobile/vendor/laravel/framework/src/Illuminate/Foundation/Http/Kernel.php(144): Illuminate\\Foundation\\Http\\Kernel->sendRequestThroughRouter(Object(Illuminate\\Http\\Request))
#42 /Users/erikprakoso/Work/Personal/freelance/21052024/APIMobile/vendor/laravel/framework/src/Illuminate/Foundation/Application.php(1172): Illuminate\\Foundation\\Http\\Kernel->handle(Object(Illuminate\\Http\\Request))
#43 /Users/erikprakoso/Work/Personal/freelance/21052024/APIMobile/public/index.php(17): Illuminate\\Foundation\\Application->handleRequest(Object(Illuminate\\Http\\Request))
#44 /Users/erikprakoso/Work/Personal/freelance/21052024/APIMobile/vendor/laravel/framework/src/Illuminate/Foundation/resources/server.php(16): require_once('/Users/erikprak...')
#45 {main}

[previous exception] [object] (PDOException(code: 1049): SQLSTATE[HY000] [1049] Unknown database 'joki_db' at /Users/erikprakoso/Work/Personal/freelance/21052024/APIMobile/vendor/laravel/framework/src/Illuminate/Database/Connectors/Connector.php:65)
[stacktrace]
#0 /Users/erikprakoso/Work/Personal/freelance/21052024/APIMobile/vendor/laravel/framework/src/Illuminate/Database/Connectors/Connector.php(65): PDO->__construct('mysql:host=127....', 'root', Object(SensitiveParameterValue), Array)
#1 /Users/erikprakoso/Work/Personal/freelance/21052024/APIMobile/vendor/laravel/framework/src/Illuminate/Database/Connectors/Connector.php(44): Illuminate\\Database\\Connectors\\Connector->createPdoConnection('mysql:host=127....', 'root', '', Array)
#2 /Users/erikprakoso/Work/Personal/freelance/21052024/APIMobile/vendor/laravel/framework/src/Illuminate/Database/Connectors/MySqlConnector.php(24): Illuminate\\Database\\Connectors\\Connector->createConnection('mysql:host=127....', Array, Array)
#3 /Users/erikprakoso/Work/Personal/freelance/21052024/APIMobile/vendor/laravel/framework/src/Illuminate/Database/Connectors/ConnectionFactory.php(185): Illuminate\\Database\\Connectors\\MySqlConnector->connect(Array)
#4 [internal function]: Illuminate\\Database\\Connectors\\ConnectionFactory->Illuminate\\Database\\Connectors\\{closure}()
#5 /Users/erikprakoso/Work/Personal/freelance/21052024/APIMobile/vendor/laravel/framework/src/Illuminate/Database/Connection.php(1219): call_user_func(Object(Closure))
#6 /Users/erikprakoso/Work/Personal/freelance/21052024/APIMobile/vendor/laravel/framework/src/Illuminate/Database/Connection.php(1255): Illuminate\\Database\\Connection->getPdo()
#7 /Users/erikprakoso/Work/Personal/freelance/21052024/APIMobile/vendor/laravel/framework/src/Illuminate/Database/Connection.php(512): Illuminate\\Database\\Connection->getReadPdo()
#8 /Users/erikprakoso/Work/Personal/freelance/21052024/APIMobile/vendor/laravel/framework/src/Illuminate/Database/Connection.php(407): Illuminate\\Database\\Connection->getPdoForSelect(true)
#9 /Users/erikprakoso/Work/Personal/freelance/21052024/APIMobile/vendor/laravel/framework/src/Illuminate/Database/Connection.php(800): Illuminate\\Database\\Connection->Illuminate\\Database\\{closure}('select * from `...', Array)
#10 /Users/erikprakoso/Work/Personal/freelance/21052024/APIMobile/vendor/laravel/framework/src/Illuminate/Database/Connection.php(767): Illuminate\\Database\\Connection->runQueryCallback('select * from `...', Array, Object(Closure))
#11 /Users/erikprakoso/Work/Personal/freelance/21052024/APIMobile/vendor/laravel/framework/src/Illuminate/Database/Connection.php(398): Illuminate\\Database\\Connection->run('select * from `...', Array, Object(Closure))
#12 /Users/erikprakoso/Work/Personal/freelance/21052024/APIMobile/vendor/laravel/framework/src/Illuminate/Database/Query/Builder.php(2993): Illuminate\\Database\\Connection->select('select * from `...', Array, true)
#13 /Users/erikprakoso/Work/Personal/freelance/21052024/APIMobile/vendor/laravel/framework/src/Illuminate/Database/Query/Builder.php(2978): Illuminate\\Database\\Query\\Builder->runSelect()
#14 /Users/erikprakoso/Work/Personal/freelance/21052024/APIMobile/vendor/laravel/framework/src/Illuminate/Database/Query/Builder.php(3566): Illuminate\\Database\\Query\\Builder->Illuminate\\Database\\Query\\{closure}()
#15 /Users/erikprakoso/Work/Personal/freelance/21052024/APIMobile/vendor/laravel/framework/src/Illuminate/Database/Query/Builder.php(2977): Illuminate\\Database\\Query\\Builder->onceWithColumns(Array, Object(Closure))
#16 /Users/erikprakoso/Work/Personal/freelance/21052024/APIMobile/vendor/laravel/framework/src/Illuminate/Database/Eloquent/Builder.php(749): Illuminate\\Database\\Query\\Builder->get(Array)
#17 /Users/erikprakoso/Work/Personal/freelance/21052024/APIMobile/vendor/laravel/framework/src/Illuminate/Database/Eloquent/Builder.php(731): Illuminate\\Database\\Eloquent\\Builder->getModels(Array)
#18 /Users/erikprakoso/Work/Personal/freelance/21052024/APIMobile/vendor/laravel/framework/src/Illuminate/Database/Concerns/BuildsQueries.php(335): Illuminate\\Database\\Eloquent\\Builder->get(Array)
#19 /Users/erikprakoso/Work/Personal/freelance/21052024/APIMobile/app/Http/Controllers/AuthController.php(28): Illuminate\\Database\\Eloquent\\Builder->first()
#20 /Users/erikprakoso/Work/Personal/freelance/21052024/APIMobile/vendor/laravel/framework/src/Illuminate/Routing/Controller.php(54): App\\Http\\Controllers\\AuthController->index()
#21 /Users/erikprakoso/Work/Personal/freelance/21052024/APIMobile/vendor/laravel/framework/src/Illuminate/Routing/ControllerDispatcher.php(43): Illuminate\\Routing\\Controller->callAction('index', Array)
#22 /Users/erikprakoso/Work/Personal/freelance/21052024/APIMobile/vendor/laravel/framework/src/Illuminate/Routing/Route.php(260): Illuminate\\Routing\\ControllerDispatcher->dispatch(Object(Illuminate\\Routing\\Route), Object(App\\Http\\Controllers\\AuthController), 'index')
#23 /Users/erikprakoso/Work/Personal/freelance/21052024/APIMobile/vendor/laravel/framework/src/Illuminate/Routing/Route.php(206): Illuminate\\Routing\\Route->runController()
#24 /Users/erikprakoso/Work/Personal/freelance/21052024/APIMobile/vendor/laravel/framework/src/Illuminate/Routing/Router.php(806): Illuminate\\Routing\\Route->run()
#25 /Users/erikprakoso/Work/Personal/freelance/21052024/APIMobile/vendor/laravel/framework/src/Illuminate/Pipeline/Pipeline.php(144): Illuminate\\Routing\\Router->Illuminate\\Routing\\{closure}(Object(Illuminate\\Http\\Request))
#26 /Users/erikprakoso/Work/Personal/freelance/21052024/APIMobile/vendor/laravel/framework/src/Illuminate/Routing/Middleware/SubstituteBindings.php(50): Illuminate\\Pipeline\\Pipeline->Illuminate\\Pipeline\\{closure}(Object(Illuminate\\Http\\Request))
#27 /Users/erikprakoso/Work/Personal/freelance/21052024/APIMobile/vendor/laravel/framework/src/Illuminate/Pipeline/Pipeline.php(183): Illuminate\\Routing\\Middleware\\SubstituteBindings->handle(Object(Illuminate\\Http\\Request), Object(Closure))
#28 /Users/erikprakoso/Work/Personal/freelance/21052024/APIMobile/vendor/laravel/framework/src/Illuminate/Pipeline/Pipeline.php(119): Illuminate\\Pipeline\\Pipeline->Illuminate\\Pipeline\\{closure}(Object(Illuminate\\Http\\Request))
#29 /Users/erikprakoso/Work/Personal/freelance/21052024/APIMobile/vendor/laravel/framework/src/Illuminate/Routing/Router.php(805): Illuminate\\Pipeline\\Pipeline->then(Object(Closure))
#30 /Users/erikprakoso/Work/Personal/freelance/21052024/APIMobile/vendor/laravel/framework/src/Illuminate/Routing/Router.php(784): Illuminate\\Routing\\Router->runRouteWithinStack(Object(Illuminate\\Routing\\Route), Object(Illuminate\\Http\\Request))
#31 /Users/erikprakoso/Work/Personal/freelance/21052024/APIMobile/vendor/laravel/framework/src/Illuminate/Routing/Router.php(748): Illuminate\\Routing\\Router->runRoute(Object(Illuminate\\Http\\Request), Object(Illuminate\\Routing\\Route))
#32 /Users/erikprakoso/Work/Personal/freelance/21052024/APIMobile/vendor/laravel/framework/src/Illuminate/Routing/Router.php(737): Illuminate\\Routing\\Router->dispatchToRoute(Object(Illuminate\\Http\\Request))
#33 /Users/erikprakoso/Work/Personal/freelance/21052024/APIMobile/vendor/laravel/framework/src/Illuminate/Foundation/Http/Kernel.php(200): Illuminate\\Routing\\Router->dispatch(Object(Illuminate\\Http\\Request))
#34 /Users/erikprakoso/Work/Personal/freelance/21052024/APIMobile/vendor/laravel/framework/src/Illuminate/Pipeline/Pipeline.php(144): Illuminate\\Foundation\\Http\\Kernel->Illuminate\\Foundation\\Http\\{closure}(Object(Illuminate\\Http\\Request))
#35 /Users/erikprakoso/Work/Personal/freelance/21052024/APIMobile/vendor/laravel/framework/src/Illuminate/Foundation/Http/Middleware/TransformsRequest.php(21): Illuminate\\Pipeline\\Pipeline->Illuminate\\Pipeline\\{closure}(Object(Illuminate\\Http\\Request))
#36 /Users/erikprakoso/Work/Personal/freelance/21052024/APIMobile/vendor/laravel/framework/src/Illuminate/Foundation/Http/Middleware/ConvertEmptyStringsToNull.php(31): Illuminate\\Foundation\\Http\\Middleware\\TransformsRequest->handle(Object(Illuminate\\Http\\Request), Object(Closure))
#37 /Users/erikprakoso/Work/Personal/freelance/21052024/APIMobile/vendor/laravel/framework/src/Illuminate/Pipeline/Pipeline.php(183): Illuminate\\Foundation\\Http\\Middleware\\ConvertEmptyStringsToNull->handle(Object(Illuminate\\Http\\Request), Object(Closure))
#38 /Users/erikprakoso/Work/Personal/freelance/21052024/APIMobile/vendor/laravel/framework/src/Illuminate/Foundation/Http/Middleware/TransformsRequest.php(21): Illuminate\\Pipeline\\Pipeline->Illuminate\\Pipeline\\{closure}(Object(Illuminate\\Http\\Request))
#39 /Users/erikprakoso/Work/Personal/freelance/21052024/APIMobile/vendor/laravel/framework/src/Illuminate/Foundation/Http/Middleware/TrimStrings.php(51): Illuminate\\Foundation\\Http\\Middleware\\TransformsRequest->handle(Object(Illuminate\\Http\\Request), Object(Closure))
#40 /Users/erikprakoso/Work/Personal/freelance/21052024/APIMobile/vendor/laravel/framework/src/Illuminate/Pipeline/Pipeline.php(183): Illuminate\\Foundation\\Http\\Middleware\\TrimStrings->handle(Object(Illuminate\\Http\\Request), Object(Closure))
#41 /Users/erikprakoso/Work/Personal/freelance/21052024/APIMobile/vendor/laravel/framework/src/Illuminate/Http/Middleware/ValidatePostSize.php(27): Illuminate\\Pipeline\\Pipeline->Illuminate\\Pipeline\\{closure}(Object(Illuminate\\Http\\Request))
#42 /Users/erikprakoso/Work/Personal/freelance/21052024/APIMobile/vendor/laravel/framework/src/Illuminate/Pipeline/Pipeline.php(183): Illuminate\\Http\\Middleware\\ValidatePostSize->handle(Object(Illuminate\\Http\\Request), Object(Closure))
#43 /Users/erikprakoso/Work/Personal/freelance/21052024/APIMobile/vendor/laravel/framework/src/Illuminate/Foundation/Http/Middleware/PreventRequestsDuringMaintenance.php(110): Illuminate\\Pipeline\\Pipeline->Illuminate\\Pipeline\\{closure}(Object(Illuminate\\Http\\Request))
#44 /Users/erikprakoso/Work/Personal/freelance/21052024/APIMobile/vendor/laravel/framework/src/Illuminate/Pipeline/Pipeline.php(183): Illuminate\\Foundation\\Http\\Middleware\\PreventRequestsDuringMaintenance->handle(Object(Illuminate\\Http\\Request), Object(Closure))
#45 /Users/erikprakoso/Work/Personal/freelance/21052024/APIMobile/vendor/laravel/framework/src/Illuminate/Http/Middleware/HandleCors.php(62): Illuminate\\Pipeline\\Pipeline->Illuminate\\Pipeline\\{closure}(Object(Illuminate\\Http\\Request))
#46 /Users/erikprakoso/Work/Personal/freelance/21052024/APIMobile/vendor/laravel/framework/src/Illuminate/Pipeline/Pipeline.php(183): Illuminate\\Http\\Middleware\\HandleCors->handle(Object(Illuminate\\Http\\Request), Object(Closure))
#47 /Users/erikprakoso/Work/Personal/freelance/21052024/APIMobile/vendor/laravel/framework/src/Illuminate/Http/Middleware/TrustProxies.php(57): Illuminate\\Pipeline\\Pipeline->Illuminate\\Pipeline\\{closure}(Object(Illuminate\\Http\\Request))
#48 /Users/erikprakoso/Work/Personal/freelance/21052024/APIMobile/vendor/laravel/framework/src/Illuminate/Pipeline/Pipeline.php(183): Illuminate\\Http\\Middleware\\TrustProxies->handle(Object(Illuminate\\Http\\Request), Object(Closure))
#49 /Users/erikprakoso/Work/Personal/freelance/21052024/APIMobile/vendor/laravel/framework/src/Illuminate/Pipeline/Pipeline.php(119): Illuminate\\Pipeline\\Pipeline->Illuminate\\Pipeline\\{closure}(Object(Illuminate\\Http\\Request))
#50 /Users/erikprakoso/Work/Personal/freelance/21052024/APIMobile/vendor/laravel/framework/src/Illuminate/Foundation/Http/Kernel.php(175): Illuminate\\Pipeline\\Pipeline->then(Object(Closure))
#51 /Users/erikprakoso/Work/Personal/freelance/21052024/APIMobile/vendor/laravel/framework/src/Illuminate/Foundation/Http/Kernel.php(144): Illuminate\\Foundation\\Http\\Kernel->sendRequestThroughRouter(Object(Illuminate\\Http\\Request))
#52 /Users/erikprakoso/Work/Personal/freelance/21052024/APIMobile/vendor/laravel/framework/src/Illuminate/Foundation/Application.php(1172): Illuminate\\Foundation\\Http\\Kernel->handle(Object(Illuminate\\Http\\Request))
#53 /Users/erikprakoso/Work/Personal/freelance/21052024/APIMobile/public/index.php(17): Illuminate\\Foundation\\Application->handleRequest(Object(Illuminate\\Http\\Request))
#54 /Users/erikprakoso/Work/Personal/freelance/21052024/APIMobile/vendor/laravel/framework/src/Illuminate/Foundation/resources/server.php(16): require_once('/Users/erikprak...')
#55 {main}
"} 
